Using pre-set license
Built from '2020.3/release' branch; Version is '2020.3.1f1 (77a89f25062f) revision 7841951'; Using compiler version '192528614'; Build Type 'Release'
OS: 'Windows 10 Home; OS build 19042.928; Version 2009; 64bit' Language: 'ja' Physical Memory: 16317 MB
BatchMode: 1, IsHumanControllingUs: 0, StartBugReporterOnCrash: 0, Is64bit: 1, IsPro: 0

 COMMAND LINE ARGUMENTS:
C:\Program Files\Unity\Hub\Editor\2020.3.1f1\Editor\Unity.exe
-adb2
-batchMode
-noUpm
-name
AssetImportWorker0
-projectPath
C:/Users/ancie/Desktop/BombGame
-logFile
Logs/AssetImportWorker0.log
-srvPort
51926
Successfully changed project path to: C:/Users/ancie/Desktop/BombGame
C:/Users/ancie/Desktop/BombGame
Using Asset Import Pipeline V2.
Refreshing native plugins compatible for Editor in 21.45 ms, found 0 plugins.
Preloading 0 native plugins for Editor in 0.00 ms.
Initialize engine version: 2020.3.1f1 (77a89f25062f)
[Subsystems] Discovering subsystems at path C:/Program Files/Unity/Hub/Editor/2020.3.1f1/Editor/Data/Resources/UnitySubsystems
[Subsystems] Discovering subsystems at path C:/Users/ancie/Desktop/BombGame/Assets
GfxDevice: creating device client; threaded=0
Direct3D:
    Version:  Direct3D 11.0 [level 11.1]
    Renderer: NVIDIA GeForce GTX 960 (ID=0x1401)
    Vendor:   
    VRAM:     2007 MB
    Driver:   26.21.14.3200
Initialize mono
Mono path[0] = 'C:/Program Files/Unity/Hub/Editor/2020.3.1f1/Editor/Data/Managed'
Mono path[1] = 'C:/Program Files/Unity/Hub/Editor/2020.3.1f1/Editor/Data/MonoBleedingEdge/lib/mono/unityjit'
Mono config path = 'C:/Program Files/Unity/Hub/Editor/2020.3.1f1/Editor/Data/MonoBleedingEdge/etc'
Using monoOptions --debugger-agent=transport=dt_socket,embedding=1,server=y,suspend=n,address=127.0.0.1:56160
Begin MonoManager ReloadAssembly
Registering precompiled unity dll's ...
Register platform support module: C:/Program Files/Unity/Hub/Editor/2020.3.1f1/Editor/Data/PlaybackEngines/WindowsStandaloneSupport/UnityEditor.WindowsStandalone.Extensions.dll
Registered in 0.001861 seconds.
Native extension for WindowsStandalone target not found
Refreshing native plugins compatible for Editor in 22.48 ms, found 0 plugins.
Preloading 0 native plugins for Editor in 0.00 ms.
Invoked RoslynAnalysisRunner static constructor.
RoslynAnalysisRunner will not be running.
RoslynAnalysisRunner has terminated.
Mono: successfully reloaded assembly
- Completed reload, in  0.971 seconds
Platform modules already initialized, skipping
Registering precompiled user dll's ...
Registered in 0.000760 seconds.
Begin MonoManager ReloadAssembly
Native extension for WindowsStandalone target not found
Refreshing native plugins compatible for Editor in 0.20 ms, found 0 plugins.
Preloading 0 native plugins for Editor in 0.00 ms.
Invoked RoslynAnalysisRunner static constructor.
RoslynAnalysisRunner will not be running.
RoslynAnalysisRunner has terminated.
Mono: successfully reloaded assembly
- Completed reload, in  0.761 seconds
Platform modules already initialized, skipping
========================================================================
Worker process is ready to serve import requests
Launched and connected shader compiler UnityShaderCompiler.exe after 0.04 seconds
Refreshing native plugins compatible for Editor in 0.21 ms, found 0 plugins.
Preloading 0 native plugins for Editor in 0.00 ms.
Unloading 1113 Unused Serialized files (Serialized files now loaded: 0)
System memory in use before: 57.0 MB.
System memory in use after: 57.0 MB.

Unloading 10 unused Assets to reduce memory usage. Loaded Objects now: 1555.
Total: 1.488100 ms (FindLiveObjects: 0.132600 ms CreateObjectMapping: 0.035100 ms MarkObjects: 1.252800 ms  DeleteObjects: 0.066800 ms)

========================================================================
Received Import Request.
  path: Assets/GG-Textures
  artifactKey: Guid(fb72053193cc2214c91369df0fc27f19) Importer(815301076,1909f56bfc062723c751e8b465ee728b)
Start importing Assets/GG-Textures using Guid(fb72053193cc2214c91369df0fc27f19) Importer(815301076,1909f56bfc062723c751e8b465ee728b)  -> (artifact id: 'f4dad1e198237cf4b52ce044bb739fe2') in 0.015890 seconds
  Import took 0.019645 seconds .

========================================================================
Received Import Request.
  Time since last request: 31.597256 seconds.
  path: Assets/GG-Textures/Materials/grass1.mat
  artifactKey: Guid(c7f56d8c4375f884ca579af8bc5f0ab7) Importer(815301076,1909f56bfc062723c751e8b465ee728b)
Start importing Assets/GG-Textures/Materials/grass1.mat using Guid(c7f56d8c4375f884ca579af8bc5f0ab7) Importer(815301076,1909f56bfc062723c751e8b465ee728b)  -> (artifact id: 'e84e0fe45601597c0a351a708b7829bf') in 0.132847 seconds
  Import took 0.134615 seconds .

========================================================================
Received Import Request.
  Time since last request: 0.000249 seconds.
  path: Assets/GG-Textures/Materials/rock1.mat
  artifactKey: Guid(ededafdd81f096f42b848e69245fe370) Importer(815301076,1909f56bfc062723c751e8b465ee728b)
Start importing Assets/GG-Textures/Materials/rock1.mat using Guid(ededafdd81f096f42b848e69245fe370) Importer(815301076,1909f56bfc062723c751e8b465ee728b)  -> (artifact id: 'b0f7711c1f98719513ae6b75ca09ce41') in 0.025792 seconds
  Import took 0.027729 seconds .

========================================================================
Received Import Request.
  Time since last request: 0.000241 seconds.
  path: Assets/GG-Textures/Materials/sand1.mat
  artifactKey: Guid(5b7faa07ba304554e9295cf35be77c9f) Importer(815301076,1909f56bfc062723c751e8b465ee728b)
Start importing Assets/GG-Textures/Materials/sand1.mat using Guid(5b7faa07ba304554e9295cf35be77c9f) Importer(815301076,1909f56bfc062723c751e8b465ee728b)  -> (artifact id: 'f08cd6925c1464fa30c352300b8dbc6c') in 0.020251 seconds
  Import took 0.022361 seconds .

========================================================================
Received Import Request.
  Time since last request: 0.000225 seconds.
  path: Assets/GG-Textures/example/ground.mat
  artifactKey: Guid(852e667dea905ea4fad3e2e97daa84bd) Importer(815301076,1909f56bfc062723c751e8b465ee728b)
Start importing Assets/GG-Textures/example/ground.mat using Guid(852e667dea905ea4fad3e2e97daa84bd) Importer(815301076,1909f56bfc062723c751e8b465ee728b)  -> (artifact id: '54c5f1b70a5e06c2e3e6d2257b34b5fc') in 0.009020 seconds
  Import took 0.010686 seconds .

========================================================================
Received Import Request.
  Time since last request: 74.234277 seconds.
  path: Assets/Scenes
  artifactKey: Guid(0b22b084f184ddf478ffdca5815a73db) Importer(815301076,1909f56bfc062723c751e8b465ee728b)
Start importing Assets/Scenes using Guid(0b22b084f184ddf478ffdca5815a73db) Importer(815301076,1909f56bfc062723c751e8b465ee728b)  -> (artifact id: '1c50c0aaf5ca4c0e2b7ad1825f3a3f15') in 0.006807 seconds
  Import took 0.008993 seconds .

========================================================================
Received Prepare
Registering precompiled user dll's ...
Registered in 0.000607 seconds.
Begin MonoManager ReloadAssembly
Native extension for WindowsStandalone target not found
Refreshing native plugins compatible for Editor in 0.20 ms, found 0 plugins.
Preloading 0 native plugins for Editor in 0.00 ms.
Invoked RoslynAnalysisRunner static constructor.
RoslynAnalysisRunner will not be running.
RoslynAnalysisRunner has terminated.
Mono: successfully reloaded assembly
- Completed reload, in  0.699 seconds
Platform modules already initialized, skipping
Refreshing native plugins compatible for Editor in 0.22 ms, found 0 plugins.
Preloading 0 native plugins for Editor in 0.00 ms.
Unloading 1110 Unused Serialized files (Serialized files now loaded: 0)
System memory in use before: 60.4 MB.
System memory in use after: 60.4 MB.

Unloading 5 unused Assets to reduce memory usage. Loaded Objects now: 1600.
Total: 1.455400 ms (FindLiveObjects: 0.118500 ms CreateObjectMapping: 0.034700 ms MarkObjects: 1.254500 ms  DeleteObjects: 0.046700 ms)

========================================================================
Received Import Request.
  Time since last request: 921.559094 seconds.
  path: Assets/Mryotaisu/Prefabs/LevelColumn.prefab
  artifactKey: Guid(d28b04ff39b93f44c8f5d0733c5944fc) Importer(815301076,1909f56bfc062723c751e8b465ee728b)
Start importing Assets/Mryotaisu/Prefabs/LevelColumn.prefab using Guid(d28b04ff39b93f44c8f5d0733c5944fc) Importer(815301076,1909f56bfc062723c751e8b465ee728b)  -> (artifact id: 'b514461dad45f2bb0ee9050df717b579') in 0.275088 seconds
  Import took 0.277552 seconds .

========================================================================
Received Import Request.
  Time since last request: 1.096264 seconds.
  path: Assets/Mryotaisu/Prefabs/LevelFloor.prefab
  artifactKey: Guid(c07a91a2a08b62044878717a4b071752) Importer(815301076,1909f56bfc062723c751e8b465ee728b)
Start importing Assets/Mryotaisu/Prefabs/LevelFloor.prefab using Guid(c07a91a2a08b62044878717a4b071752) Importer(815301076,1909f56bfc062723c751e8b465ee728b)  -> (artifact id: 'c74fb12528bd577df3daf60aba53718f') in 0.047939 seconds
  Import took 0.050332 seconds .

========================================================================
Received Import Request.
  Time since last request: 0.506135 seconds.
  path: Assets/Mryotaisu/Prefabs/LevelWall.prefab
  artifactKey: Guid(b488ac86c2502b847a7120be7c2170e7) Importer(815301076,1909f56bfc062723c751e8b465ee728b)
Start importing Assets/Mryotaisu/Prefabs/LevelWall.prefab using Guid(b488ac86c2502b847a7120be7c2170e7) Importer(815301076,1909f56bfc062723c751e8b465ee728b)  -> (artifact id: '22b165673fb50546f28b4e4017a1e5ba') in 0.058246 seconds
  Import took 0.060584 seconds .

========================================================================
Received Import Request.
  Time since last request: 0.770178 seconds.
  path: Assets/Mryotaisu/Prefabs/LevelWallDoor.prefab
  artifactKey: Guid(9d6fdd0421363ed469358421961f92f0) Importer(815301076,1909f56bfc062723c751e8b465ee728b)
Start importing Assets/Mryotaisu/Prefabs/LevelWallDoor.prefab using Guid(9d6fdd0421363ed469358421961f92f0) Importer(815301076,1909f56bfc062723c751e8b465ee728b)  -> (artifact id: '7c9770b255ea23a8230c553c7c9ec427') in 0.085537 seconds
  Import took 0.088220 seconds .

========================================================================
Received Import Request.
  Time since last request: 0.544626 seconds.
  path: Assets/Mryotaisu/Prefabs/Muryotaisu.prefab
  artifactKey: Guid(e4aedb39e9f545d4ea4823858526bc32) Importer(815301076,1909f56bfc062723c751e8b465ee728b)
Start importing Assets/Mryotaisu/Prefabs/Muryotaisu.prefab using Guid(e4aedb39e9f545d4ea4823858526bc32) Importer(815301076,1909f56bfc062723c751e8b465ee728b)  -> (artifact id: '37ba6aeb2437aa688d4ac0bf42bb59ea') in 0.339321 seconds
  Import took 0.343432 seconds .

========================================================================
Received Import Request.
  Time since last request: 0.213870 seconds.
  path: Assets/Mryotaisu/Prefabs/LevelMonitor.prefab
  artifactKey: Guid(2b2ec4e1b59396f438a38fe8953b4bae) Importer(815301076,1909f56bfc062723c751e8b465ee728b)
Start importing Assets/Mryotaisu/Prefabs/LevelMonitor.prefab using Guid(2b2ec4e1b59396f438a38fe8953b4bae) Importer(815301076,1909f56bfc062723c751e8b465ee728b)  -> (artifact id: 'adc7c5b0b5d7c9c123adfb151b473ba7') in 0.022610 seconds
  Import took 0.025098 seconds .

========================================================================
Received Import Request.
  Time since last request: 209.125492 seconds.
  path: Assets/Mryotaisu/Scripts/MuryotaisuController.cs
  artifactKey: Guid(0ec9bb896a697864dbb7ffe898debea8) Importer(815301076,1909f56bfc062723c751e8b465ee728b)
Start importing Assets/Mryotaisu/Scripts/MuryotaisuController.cs using Guid(0ec9bb896a697864dbb7ffe898debea8) Importer(815301076,1909f56bfc062723c751e8b465ee728b)  -> (artifact id: 'f64f25146179544e77afefaa485629b3') in 0.015702 seconds
  Import took 0.017891 seconds .

========================================================================
Received Prepare
Registering precompiled user dll's ...
Registered in 0.000805 seconds.
Begin MonoManager ReloadAssembly
Native extension for WindowsStandalone target not found
Refreshing native plugins compatible for Editor in 0.20 ms, found 0 plugins.
Preloading 0 native plugins for Editor in 0.00 ms.
Invoked RoslynAnalysisRunner static constructor.
RoslynAnalysisRunner will not be running.
RoslynAnalysisRunner has terminated.
Mono: successfully reloaded assembly
- Completed reload, in  0.701 seconds
Platform modules already initialized, skipping
Refreshing native plugins compatible for Editor in 0.20 ms, found 0 plugins.
Preloading 0 native plugins for Editor in 0.00 ms.
Unloading 1110 Unused Serialized files (Serialized files now loaded: 0)
System memory in use before: 74.5 MB.
System memory in use after: 74.6 MB.

Unloading 5 unused Assets to reduce memory usage. Loaded Objects now: 1605.
Total: 1.838000 ms (FindLiveObjects: 0.185500 ms CreateObjectMapping: 0.046200 ms MarkObjects: 1.555700 ms  DeleteObjects: 0.049500 ms)

========================================================================
Received Prepare
Registering precompiled user dll's ...
Registered in 0.000741 seconds.
Begin MonoManager ReloadAssembly
Native extension for WindowsStandalone target not found
Refreshing native plugins compatible for Editor in 0.19 ms, found 0 plugins.
Preloading 0 native plugins for Editor in 0.00 ms.
Invoked RoslynAnalysisRunner static constructor.
RoslynAnalysisRunner will not be running.
RoslynAnalysisRunner has terminated.
Mono: successfully reloaded assembly
- Completed reload, in  0.717 seconds
Platform modules already initialized, skipping
Refreshing native plugins compatible for Editor in 0.22 ms, found 0 plugins.
Preloading 0 native plugins for Editor in 0.00 ms.
Unloading 1110 Unused Serialized files (Serialized files now loaded: 0)
System memory in use before: 74.5 MB.
System memory in use after: 74.6 MB.

Unloading 5 unused Assets to reduce memory usage. Loaded Objects now: 1608.
Total: 1.594500 ms (FindLiveObjects: 0.145800 ms CreateObjectMapping: 0.038300 ms MarkObjects: 1.359500 ms  DeleteObjects: 0.049800 ms)

========================================================================
Received Prepare
Registering precompiled user dll's ...
Registered in 0.000666 seconds.
Begin MonoManager ReloadAssembly
Native extension for WindowsStandalone target not found
Refreshing native plugins compatible for Editor in 0.20 ms, found 0 plugins.
Preloading 0 native plugins for Editor in 0.00 ms.
Invoked RoslynAnalysisRunner static constructor.
RoslynAnalysisRunner will not be running.
RoslynAnalysisRunner has terminated.
Mono: successfully reloaded assembly
- Completed reload, in  0.737 seconds
Platform modules already initialized, skipping
Refreshing native plugins compatible for Editor in 0.24 ms, found 0 plugins.
Preloading 0 native plugins for Editor in 0.00 ms.
Unloading 1110 Unused Serialized files (Serialized files now loaded: 0)
System memory in use before: 74.5 MB.
System memory in use after: 74.6 MB.

Unloading 5 unused Assets to reduce memory usage. Loaded Objects now: 1611.
Total: 2.496200 ms (FindLiveObjects: 0.201000 ms CreateObjectMapping: 0.063600 ms MarkObjects: 2.155300 ms  DeleteObjects: 0.073300 ms)

========================================================================
Received Import Request.
  Time since last request: 369.013993 seconds.
  path: Assets/Scripts
  artifactKey: Guid(c47f8b0ff73fc4a458a17ec0588d1863) Importer(815301076,1909f56bfc062723c751e8b465ee728b)
Start importing Assets/Scripts using Guid(c47f8b0ff73fc4a458a17ec0588d1863) Importer(815301076,1909f56bfc062723c751e8b465ee728b)  -> (artifact id: '8778bc6af74e04aaf9ed26106d2eb91a') in 0.009303 seconds
  Import took 0.011147 seconds .

========================================================================
Received Import Request.
  Time since last request: 12.335361 seconds.
  path: Assets/Scripts/PlayerController.cs
  artifactKey: Guid(d3b26e4d55c9e374e963be27be508b0e) Importer(815301076,1909f56bfc062723c751e8b465ee728b)
Start importing Assets/Scripts/PlayerController.cs using Guid(d3b26e4d55c9e374e963be27be508b0e) Importer(815301076,1909f56bfc062723c751e8b465ee728b)  -> (artifact id: '483bf1d5cf3efd5cdbcfb01df06ec1a3') in 0.009642 seconds
  Import took 0.011450 seconds .

========================================================================
Received Prepare
Registering precompiled user dll's ...
Registered in 0.000650 seconds.
Begin MonoManager ReloadAssembly
Native extension for WindowsStandalone target not found
Refreshing native plugins compatible for Editor in 0.20 ms, found 0 plugins.
Preloading 0 native plugins for Editor in 0.00 ms.
Invoked RoslynAnalysisRunner static constructor.
RoslynAnalysisRunner will not be running.
RoslynAnalysisRunner has terminated.
Mono: successfully reloaded assembly
- Completed reload, in  0.740 seconds
Platform modules already initialized, skipping
Refreshing native plugins compatible for Editor in 0.21 ms, found 0 plugins.
Preloading 0 native plugins for Editor in 0.00 ms.
Unloading 1111 Unused Serialized files (Serialized files now loaded: 0)
System memory in use before: 74.5 MB.
System memory in use after: 74.6 MB.

Unloading 5 unused Assets to reduce memory usage. Loaded Objects now: 1615.
Total: 1.473800 ms (FindLiveObjects: 0.149600 ms CreateObjectMapping: 0.038200 ms MarkObjects: 1.241300 ms  DeleteObjects: 0.043800 ms)

========================================================================
Received Import Request.
  Time since last request: 41.943387 seconds.
  path: Assets/Scripts/PlayerController.cs
  artifactKey: Guid(d3b26e4d55c9e374e963be27be508b0e) Importer(815301076,1909f56bfc062723c751e8b465ee728b)
Start importing Assets/Scripts/PlayerController.cs using Guid(d3b26e4d55c9e374e963be27be508b0e) Importer(815301076,1909f56bfc062723c751e8b465ee728b)  -> (artifact id: '5f7422a89e5ebbb2ca94b46b8238a5f1') in 0.007922 seconds
  Import took 0.010595 seconds .

========================================================================
Received Prepare
Registering precompiled user dll's ...
Registered in 0.000658 seconds.
Begin MonoManager ReloadAssembly
Native extension for WindowsStandalone target not found
Refreshing native plugins compatible for Editor in 0.20 ms, found 0 plugins.
Preloading 0 native plugins for Editor in 0.00 ms.
Invoked RoslynAnalysisRunner static constructor.
RoslynAnalysisRunner will not be running.
RoslynAnalysisRunner has terminated.
Mono: successfully reloaded assembly
- Completed reload, in  0.730 seconds
Platform modules already initialized, skipping
Refreshing native plugins compatible for Editor in 0.28 ms, found 0 plugins.
Preloading 0 native plugins for Editor in 0.00 ms.
Unloading 1111 Unused Serialized files (Serialized files now loaded: 0)
System memory in use before: 74.5 MB.
System memory in use after: 74.6 MB.

Unloading 5 unused Assets to reduce memory usage. Loaded Objects now: 1618.
Total: 1.816500 ms (FindLiveObjects: 0.173300 ms CreateObjectMapping: 0.048100 ms MarkObjects: 1.544600 ms  DeleteObjects: 0.049200 ms)

========================================================================
Received Import Request.
  Time since last request: 34.358791 seconds.
  path: Assets/Scripts/PlayerController.cs
  artifactKey: Guid(d3b26e4d55c9e374e963be27be508b0e) Importer(815301076,1909f56bfc062723c751e8b465ee728b)
Start importing Assets/Scripts/PlayerController.cs using Guid(d3b26e4d55c9e374e963be27be508b0e) Importer(815301076,1909f56bfc062723c751e8b465ee728b)  -> (artifact id: '9a6f5d14d535042397969a4d7fbf8f18') in 0.006706 seconds
  Import took 0.008698 seconds .

========================================================================
Received Prepare
Registering precompiled user dll's ...
Registered in 0.000665 seconds.
Begin MonoManager ReloadAssembly
Native extension for WindowsStandalone target not found
Refreshing native plugins compatible for Editor in 0.20 ms, found 0 plugins.
Preloading 0 native plugins for Editor in 0.00 ms.
Invoked RoslynAnalysisRunner static constructor.
RoslynAnalysisRunner will not be running.
RoslynAnalysisRunner has terminated.
Mono: successfully reloaded assembly
- Completed reload, in  0.705 seconds
Platform modules already initialized, skipping
Refreshing native plugins compatible for Editor in 0.21 ms, found 0 plugins.
Preloading 0 native plugins for Editor in 0.00 ms.
Unloading 1111 Unused Serialized files (Serialized files now loaded: 0)
System memory in use before: 74.5 MB.
System memory in use after: 74.6 MB.

Unloading 5 unused Assets to reduce memory usage. Loaded Objects now: 1621.
Total: 4.269400 ms (FindLiveObjects: 0.694900 ms CreateObjectMapping: 0.164900 ms MarkObjects: 3.348000 ms  DeleteObjects: 0.059800 ms)

========================================================================
Received Prepare
Registering precompiled user dll's ...
Registered in 0.000742 seconds.
Begin MonoManager ReloadAssembly
Native extension for WindowsStandalone target not found
Refreshing native plugins compatible for Editor in 0.22 ms, found 0 plugins.
Preloading 0 native plugins for Editor in 0.00 ms.
Invoked RoslynAnalysisRunner static constructor.
RoslynAnalysisRunner will not be running.
RoslynAnalysisRunner has terminated.
Mono: successfully reloaded assembly
- Completed reload, in  0.844 seconds
Platform modules already initialized, skipping
Refreshing native plugins compatible for Editor in 0.21 ms, found 0 plugins.
Preloading 0 native plugins for Editor in 0.00 ms.
Unloading 1111 Unused Serialized files (Serialized files now loaded: 0)
System memory in use before: 74.6 MB.
System memory in use after: 74.6 MB.

Unloading 5 unused Assets to reduce memory usage. Loaded Objects now: 1624.
Total: 2.130900 ms (FindLiveObjects: 0.264400 ms CreateObjectMapping: 0.126600 ms MarkObjects: 1.621900 ms  DeleteObjects: 0.116500 ms)

========================================================================
Received Prepare
Registering precompiled user dll's ...
Registered in 0.000753 seconds.
Begin MonoManager ReloadAssembly
Native extension for WindowsStandalone target not found
Refreshing native plugins compatible for Editor in 0.20 ms, found 0 plugins.
Preloading 0 native plugins for Editor in 0.00 ms.
Invoked RoslynAnalysisRunner static constructor.
RoslynAnalysisRunner will not be running.
RoslynAnalysisRunner has terminated.
Mono: successfully reloaded assembly
- Completed reload, in  0.707 seconds
Platform modules already initialized, skipping
Refreshing native plugins compatible for Editor in 0.23 ms, found 0 plugins.
Preloading 0 native plugins for Editor in 0.00 ms.
Unloading 1111 Unused Serialized files (Serialized files now loaded: 0)
System memory in use before: 74.6 MB.
System memory in use after: 74.6 MB.

Unloading 5 unused Assets to reduce memory usage. Loaded Objects now: 1627.
Total: 1.723700 ms (FindLiveObjects: 0.135100 ms CreateObjectMapping: 0.039700 ms MarkObjects: 1.497100 ms  DeleteObjects: 0.050500 ms)

========================================================================
Received Prepare
Registering precompiled user dll's ...
Registered in 0.000601 seconds.
Begin MonoManager ReloadAssembly
Native extension for WindowsStandalone target not found
Refreshing native plugins compatible for Editor in 0.21 ms, found 0 plugins.
Preloading 0 native plugins for Editor in 0.00 ms.
Invoked RoslynAnalysisRunner static constructor.
RoslynAnalysisRunner will not be running.
RoslynAnalysisRunner has terminated.
Mono: successfully reloaded assembly
- Completed reload, in  0.739 seconds
Platform modules already initialized, skipping
Refreshing native plugins compatible for Editor in 0.20 ms, found 0 plugins.
Preloading 0 native plugins for Editor in 0.00 ms.
Unloading 1111 Unused Serialized files (Serialized files now loaded: 0)
System memory in use before: 74.6 MB.
System memory in use after: 74.6 MB.

Unloading 5 unused Assets to reduce memory usage. Loaded Objects now: 1630.
Total: 1.688000 ms (FindLiveObjects: 0.139800 ms CreateObjectMapping: 0.041600 ms MarkObjects: 1.448000 ms  DeleteObjects: 0.057500 ms)

========================================================================
Received Prepare
Registering precompiled user dll's ...
Registered in 0.000682 seconds.
Begin MonoManager ReloadAssembly
Native extension for WindowsStandalone target not found
Refreshing native plugins compatible for Editor in 0.21 ms, found 0 plugins.
Preloading 0 native plugins for Editor in 0.00 ms.
Invoked RoslynAnalysisRunner static constructor.
RoslynAnalysisRunner will not be running.
RoslynAnalysisRunner has terminated.
Mono: successfully reloaded assembly
- Completed reload, in  0.675 seconds
Platform modules already initialized, skipping
Refreshing native plugins compatible for Editor in 0.22 ms, found 0 plugins.
Preloading 0 native plugins for Editor in 0.00 ms.
Unloading 1111 Unused Serialized files (Serialized files now loaded: 0)
System memory in use before: 74.6 MB.
System memory in use after: 74.6 MB.

Unloading 5 unused Assets to reduce memory usage. Loaded Objects now: 1633.
Total: 1.704400 ms (FindLiveObjects: 0.147600 ms CreateObjectMapping: 0.036100 ms MarkObjects: 1.464600 ms  DeleteObjects: 0.054900 ms)

========================================================================
Received Prepare
Registering precompiled user dll's ...
Registered in 0.000630 seconds.
Begin MonoManager ReloadAssembly
Native extension for WindowsStandalone target not found
Refreshing native plugins compatible for Editor in 0.20 ms, found 0 plugins.
Preloading 0 native plugins for Editor in 0.00 ms.
Invoked RoslynAnalysisRunner static constructor.
RoslynAnalysisRunner will not be running.
RoslynAnalysisRunner has terminated.
Mono: successfully reloaded assembly
- Completed reload, in  0.688 seconds
Platform modules already initialized, skipping
Refreshing native plugins compatible for Editor in 0.38 ms, found 0 plugins.
Preloading 0 native plugins for Editor in 0.00 ms.
Unloading 1111 Unused Serialized files (Serialized files now loaded: 0)
System memory in use before: 74.6 MB.
System memory in use after: 74.7 MB.

Unloading 5 unused Assets to reduce memory usage. Loaded Objects now: 1636.
Total: 3.040200 ms (FindLiveObjects: 0.208900 ms CreateObjectMapping: 0.054400 ms MarkObjects: 2.719100 ms  DeleteObjects: 0.056200 ms)

========================================================================
Received Prepare
Registering precompiled user dll's ...
Registered in 0.000826 seconds.
Begin MonoManager ReloadAssembly
Native extension for WindowsStandalone target not found
Refreshing native plugins compatible for Editor in 0.19 ms, found 0 plugins.
Preloading 0 native plugins for Editor in 0.00 ms.
Invoked RoslynAnalysisRunner static constructor.
RoslynAnalysisRunner will not be running.
RoslynAnalysisRunner has terminated.
Mono: successfully reloaded assembly
- Completed reload, in  0.679 seconds
Platform modules already initialized, skipping
Refreshing native plugins compatible for Editor in 0.21 ms, found 0 plugins.
Preloading 0 native plugins for Editor in 0.00 ms.
Unloading 1111 Unused Serialized files (Serialized files now loaded: 0)
System memory in use before: 74.6 MB.
System memory in use after: 74.7 MB.

Unloading 5 unused Assets to reduce memory usage. Loaded Objects now: 1639.
Total: 1.912500 ms (FindLiveObjects: 0.145800 ms CreateObjectMapping: 0.036200 ms MarkObjects: 1.575300 ms  DeleteObjects: 0.153300 ms)

========================================================================
Received Import Request.
  Time since last request: 1397.127552 seconds.
  path: Assets/Mryotaisu/Scripts
  artifactKey: Guid(1a2c0c33a2551d94690b273a95176c02) Importer(815301076,1909f56bfc062723c751e8b465ee728b)
Start importing Assets/Mryotaisu/Scripts using Guid(1a2c0c33a2551d94690b273a95176c02) Importer(815301076,1909f56bfc062723c751e8b465ee728b)  -> (artifact id: 'e12bbc5c15411e33a17dc09ab5ff5560') in 0.004714 seconds
  Import took 0.009176 seconds .

========================================================================
Received Import Request.
  Time since last request: 2.049097 seconds.
  path: Assets/Mryotaisu/Scripts/MuryotaisuDoorOpen.cs
  artifactKey: Guid(6f9fd14895ca5b646a638db047dbbf2f) Importer(815301076,1909f56bfc062723c751e8b465ee728b)
Start importing Assets/Mryotaisu/Scripts/MuryotaisuDoorOpen.cs using Guid(6f9fd14895ca5b646a638db047dbbf2f) Importer(815301076,1909f56bfc062723c751e8b465ee728b)  -> (artifact id: '2e5b4298829e16dd1dec4b91fc11b191') in 0.005694 seconds
  Import took 0.007731 seconds .

========================================================================
Received Prepare
Registering precompiled user dll's ...
Registered in 0.000963 seconds.
Begin MonoManager ReloadAssembly
Native extension for WindowsStandalone target not found
Refreshing native plugins compatible for Editor in 0.20 ms, found 0 plugins.
Preloading 0 native plugins for Editor in 0.00 ms.
Invoked RoslynAnalysisRunner static constructor.
RoslynAnalysisRunner will not be running.
RoslynAnalysisRunner has terminated.
Mono: successfully reloaded assembly
- Completed reload, in  0.798 seconds
Platform modules already initialized, skipping
Refreshing native plugins compatible for Editor in 0.28 ms, found 0 plugins.
Preloading 0 native plugins for Editor in 0.00 ms.
Unloading 1110 Unused Serialized files (Serialized files now loaded: 0)
System memory in use before: 74.6 MB.
System memory in use after: 74.6 MB.

Unloading 6 unused Assets to reduce memory usage. Loaded Objects now: 1641.
Total: 2.235000 ms (FindLiveObjects: 0.242200 ms CreateObjectMapping: 0.049200 ms MarkObjects: 1.881000 ms  DeleteObjects: 0.061000 ms)

========================================================================
Received Prepare
Registering precompiled user dll's ...
Registered in 0.000618 seconds.
Begin MonoManager ReloadAssembly
Native extension for WindowsStandalone target not found
Refreshing native plugins compatible for Editor in 0.20 ms, found 0 plugins.
Preloading 0 native plugins for Editor in 0.00 ms.
Invoked RoslynAnalysisRunner static constructor.
RoslynAnalysisRunner will not be running.
RoslynAnalysisRunner has terminated.
Mono: successfully reloaded assembly
- Completed reload, in  0.717 seconds
Platform modules already initialized, skipping
Refreshing native plugins compatible for Editor in 0.20 ms, found 0 plugins.
Preloading 0 native plugins for Editor in 0.00 ms.
Unloading 1110 Unused Serialized files (Serialized files now loaded: 0)
System memory in use before: 74.6 MB.
System memory in use after: 74.6 MB.

Unloading 5 unused Assets to reduce memory usage. Loaded Objects now: 1644.
Total: 1.520800 ms (FindLiveObjects: 0.127200 ms CreateObjectMapping: 0.032800 ms MarkObjects: 1.300500 ms  DeleteObjects: 0.059500 ms)

========================================================================
Received Prepare
Registering precompiled user dll's ...
Registered in 0.000683 seconds.
Begin MonoManager ReloadAssembly
Native extension for WindowsStandalone target not found
Refreshing native plugins compatible for Editor in 0.20 ms, found 0 plugins.
Preloading 0 native plugins for Editor in 0.00 ms.
Invoked RoslynAnalysisRunner static constructor.
RoslynAnalysisRunner will not be running.
RoslynAnalysisRunner has terminated.
Mono: successfully reloaded assembly
- Completed reload, in  0.717 seconds
Platform modules already initialized, skipping
Refreshing native plugins compatible for Editor in 0.20 ms, found 0 plugins.
Preloading 0 native plugins for Editor in 0.00 ms.
Unloading 1110 Unused Serialized files (Serialized files now loaded: 0)
System memory in use before: 74.6 MB.
System memory in use after: 74.7 MB.

Unloading 5 unused Assets to reduce memory usage. Loaded Objects now: 1647.
Total: 1.569800 ms (FindLiveObjects: 0.139000 ms CreateObjectMapping: 0.033800 ms MarkObjects: 1.349600 ms  DeleteObjects: 0.046600 ms)

========================================================================
Received Import Request.
  Time since last request: 188.443324 seconds.
  path: Assets/Scripts/PlayerController.cs
  artifactKey: Guid(d3b26e4d55c9e374e963be27be508b0e) Importer(815301076,1909f56bfc062723c751e8b465ee728b)
Start importing Assets/Scripts/PlayerController.cs using Guid(d3b26e4d55c9e374e963be27be508b0e) Importer(815301076,1909f56bfc062723c751e8b465ee728b)  -> (artifact id: '3e0b2843d8e9c7433e1b0722327476ba') in 0.005756 seconds
  Import took 0.007526 seconds .

========================================================================
Received Prepare
Registering precompiled user dll's ...
Registered in 0.000676 seconds.
Begin MonoManager ReloadAssembly
Native extension for WindowsStandalone target not found
Refreshing native plugins compatible for Editor in 0.20 ms, found 0 plugins.
Preloading 0 native plugins for Editor in 0.00 ms.
Invoked RoslynAnalysisRunner static constructor.
RoslynAnalysisRunner will not be running.
RoslynAnalysisRunner has terminated.
Mono: successfully reloaded assembly
- Completed reload, in  0.741 seconds
Platform modules already initialized, skipping
Refreshing native plugins compatible for Editor in 0.20 ms, found 0 plugins.
Preloading 0 native plugins for Editor in 0.00 ms.
Unloading 1110 Unused Serialized files (Serialized files now loaded: 0)
System memory in use before: 74.6 MB.
System memory in use after: 74.7 MB.

Unloading 5 unused Assets to reduce memory usage. Loaded Objects now: 1650.
Total: 2.207900 ms (FindLiveObjects: 0.207700 ms CreateObjectMapping: 0.060200 ms MarkObjects: 1.863100 ms  DeleteObjects: 0.075100 ms)

========================================================================
Received Prepare
Registering precompiled user dll's ...
Registered in 0.000642 seconds.
Begin MonoManager ReloadAssembly
Native extension for WindowsStandalone target not found
Refreshing native plugins compatible for Editor in 0.21 ms, found 0 plugins.
Preloading 0 native plugins for Editor in 0.00 ms.
Invoked RoslynAnalysisRunner static constructor.
RoslynAnalysisRunner will not be running.
RoslynAnalysisRunner has terminated.
Mono: successfully reloaded assembly
- Completed reload, in  0.702 seconds
Platform modules already initialized, skipping
Refreshing native plugins compatible for Editor in 0.20 ms, found 0 plugins.
Preloading 0 native plugins for Editor in 0.00 ms.
Unloading 1110 Unused Serialized files (Serialized files now loaded: 0)
System memory in use before: 74.6 MB.
System memory in use after: 74.7 MB.

Unloading 5 unused Assets to reduce memory usage. Loaded Objects now: 1653.
Total: 1.475500 ms (FindLiveObjects: 0.128200 ms CreateObjectMapping: 0.037800 ms MarkObjects: 1.263900 ms  DeleteObjects: 0.044600 ms)

========================================================================
Received Prepare
Registering precompiled user dll's ...
Registered in 0.000688 seconds.
Begin MonoManager ReloadAssembly
Native extension for WindowsStandalone target not found
Refreshing native plugins compatible for Editor in 0.20 ms, found 0 plugins.
Preloading 0 native plugins for Editor in 0.00 ms.
Invoked RoslynAnalysisRunner static constructor.
RoslynAnalysisRunner will not be running.
RoslynAnalysisRunner has terminated.
Mono: successfully reloaded assembly
- Completed reload, in  0.696 seconds
Platform modules already initialized, skipping
Refreshing native plugins compatible for Editor in 0.93 ms, found 0 plugins.
Preloading 0 native plugins for Editor in 0.00 ms.
Unloading 1110 Unused Serialized files (Serialized files now loaded: 0)
System memory in use before: 74.6 MB.
System memory in use after: 74.7 MB.

Unloading 5 unused Assets to reduce memory usage. Loaded Objects now: 1656.
Total: 1.660600 ms (FindLiveObjects: 0.154200 ms CreateObjectMapping: 0.049700 ms MarkObjects: 1.396200 ms  DeleteObjects: 0.059000 ms)

========================================================================
Received Prepare
Registering precompiled user dll's ...
Registered in 0.000680 seconds.
Begin MonoManager ReloadAssembly
Native extension for WindowsStandalone target not found
Refreshing native plugins compatible for Editor in 0.21 ms, found 0 plugins.
Preloading 0 native plugins for Editor in 0.00 ms.
Invoked RoslynAnalysisRunner static constructor.
RoslynAnalysisRunner will not be running.
RoslynAnalysisRunner has terminated.
Mono: successfully reloaded assembly
- Completed reload, in  0.693 seconds
Platform modules already initialized, skipping
Refreshing native plugins compatible for Editor in 0.21 ms, found 0 plugins.
Preloading 0 native plugins for Editor in 0.00 ms.
Unloading 1110 Unused Serialized files (Serialized files now loaded: 0)
System memory in use before: 74.6 MB.
System memory in use after: 74.7 MB.

Unloading 5 unused Assets to reduce memory usage. Loaded Objects now: 1659.
Total: 1.995500 ms (FindLiveObjects: 0.148300 ms CreateObjectMapping: 0.035700 ms MarkObjects: 1.695100 ms  DeleteObjects: 0.115200 ms)

========================================================================
Received Prepare
Registering precompiled user dll's ...
Registered in 0.001260 seconds.
Begin MonoManager ReloadAssembly
Native extension for WindowsStandalone target not found
Refreshing native plugins compatible for Editor in 0.20 ms, found 0 plugins.
Preloading 0 native plugins for Editor in 0.00 ms.
Invoked RoslynAnalysisRunner static constructor.
RoslynAnalysisRunner will not be running.
RoslynAnalysisRunner has terminated.
Mono: successfully reloaded assembly
- Completed reload, in  0.684 seconds
Platform modules already initialized, skipping
Refreshing native plugins compatible for Editor in 0.21 ms, found 0 plugins.
Preloading 0 native plugins for Editor in 0.00 ms.
Unloading 1112 Unused Serialized files (Serialized files now loaded: 0)
System memory in use before: 74.7 MB.
System memory in use after: 74.8 MB.

Unloading 5 unused Assets to reduce memory usage. Loaded Objects now: 1664.
Total: 2.201800 ms (FindLiveObjects: 0.246600 ms CreateObjectMapping: 0.053900 ms MarkObjects: 1.841100 ms  DeleteObjects: 0.058900 ms)

========================================================================
Received Prepare
Registering precompiled user dll's ...
Registered in 0.000650 seconds.
Begin MonoManager ReloadAssembly
Native extension for WindowsStandalone target not found
Refreshing native plugins compatible for Editor in 0.21 ms, found 0 plugins.
Preloading 0 native plugins for Editor in 0.00 ms.
Invoked RoslynAnalysisRunner static constructor.
RoslynAnalysisRunner will not be running.
RoslynAnalysisRunner has terminated.
Mono: successfully reloaded assembly
- Completed reload, in  0.692 seconds
Platform modules already initialized, skipping
Refreshing native plugins compatible for Editor in 0.20 ms, found 0 plugins.
Preloading 0 native plugins for Editor in 0.00 ms.
Unloading 1111 Unused Serialized files (Serialized files now loaded: 0)
System memory in use before: 74.7 MB.
System memory in use after: 74.7 MB.

Unloading 6 unused Assets to reduce memory usage. Loaded Objects now: 1666.
Total: 1.959300 ms (FindLiveObjects: 0.403300 ms CreateObjectMapping: 0.108600 ms MarkObjects: 1.398700 ms  DeleteObjects: 0.047600 ms)

========================================================================
Received Import Request.
  Time since last request: 2869.297273 seconds.
  path: Assets/SapphiArt/SapphiArtchan/Prefab
  artifactKey: Guid(3a38f64d84b02d140b25db60401698d8) Importer(815301076,1909f56bfc062723c751e8b465ee728b)
Start importing Assets/SapphiArt/SapphiArtchan/Prefab using Guid(3a38f64d84b02d140b25db60401698d8) Importer(815301076,1909f56bfc062723c751e8b465ee728b)  -> (artifact id: 'f450004c3b4e1a921bb8d2269efadc04') in 0.010855 seconds
  Import took 0.012710 seconds .

========================================================================
Received Import Request.
  Time since last request: 0.002484 seconds.
  path: Assets/SapphiArt/SapphiArtchan/Prefab
  artifactKey: Guid(3a38f64d84b02d140b25db60401698d8) Importer(815301076,1909f56bfc062723c751e8b465ee728b)
Start importing Assets/SapphiArt/SapphiArtchan/Prefab using Guid(3a38f64d84b02d140b25db60401698d8) Importer(815301076,1909f56bfc062723c751e8b465ee728b)  -> (artifact id: 'f450004c3b4e1a921bb8d2269efadc04') in 0.003331 seconds
  Import took 0.005162 seconds .

========================================================================
Received Import Request.
  Time since last request: 0.701330 seconds.
  path: Assets/SapphiArt/SapphiArtchan/Prefab/Ground.prefab
  artifactKey: Guid(eab291625c538a447b1d61e7b8777ba7) Importer(815301076,1909f56bfc062723c751e8b465ee728b)
Start importing Assets/SapphiArt/SapphiArtchan/Prefab/Ground.prefab using Guid(eab291625c538a447b1d61e7b8777ba7) Importer(815301076,1909f56bfc062723c751e8b465ee728b)  -> (artifact id: 'f1e88c9e4b423dfae931a1dcc940ca1e') in 0.059851 seconds
  Import took 0.061648 seconds .

========================================================================
Received Import Request.
  Time since last request: 0.031709 seconds.
  path: Assets/SapphiArt/SapphiArtchan/Prefab/Ground.prefab
  artifactKey: Guid(eab291625c538a447b1d61e7b8777ba7) Importer(815301076,1909f56bfc062723c751e8b465ee728b)
Start importing Assets/SapphiArt/SapphiArtchan/Prefab/Ground.prefab using Guid(eab291625c538a447b1d61e7b8777ba7) Importer(815301076,1909f56bfc062723c751e8b465ee728b)  -> (artifact id: 'f1e88c9e4b423dfae931a1dcc940ca1e') in 0.006853 seconds
  Import took 0.008667 seconds .

========================================================================
Received Import Request.
  Time since last request: 0.988136 seconds.
  path: Assets/SapphiArt/SapphiArtchan/Prefab/EventSystem.prefab
  artifactKey: Guid(6744d0a1c8305ba4a8429e56a4eab77e) Importer(815301076,1909f56bfc062723c751e8b465ee728b)
Start importing Assets/SapphiArt/SapphiArtchan/Prefab/EventSystem.prefab using Guid(6744d0a1c8305ba4a8429e56a4eab77e) Importer(815301076,1909f56bfc062723c751e8b465ee728b)  -> (artifact id: 'a26714fdd7ba63b11d074f6e574064f9') in 0.009430 seconds
  Import took 0.011239 seconds .

========================================================================
Received Import Request.
  Time since last request: 0.890739 seconds.
  path: Assets/SapphiArt/SapphiArtchan/Prefab/Main Camera.prefab
  artifactKey: Guid(81aeab76db959cd478ea1cf4d6d8c68b) Importer(815301076,1909f56bfc062723c751e8b465ee728b)
Start importing Assets/SapphiArt/SapphiArtchan/Prefab/Main Camera.prefab using Guid(81aeab76db959cd478ea1cf4d6d8c68b) Importer(815301076,1909f56bfc062723c751e8b465ee728b)  -> (artifact id: 'aa3fe05a3372a0fd917ba5d12b8ed620') in 0.007815 seconds
  Import took 0.009621 seconds .

========================================================================
Received Import Request.
  Time since last request: 0.005654 seconds.
  path: Assets/SapphiArt/SapphiArtchan/Prefab/Main Camera.prefab
  artifactKey: Guid(81aeab76db959cd478ea1cf4d6d8c68b) Importer(815301076,1909f56bfc062723c751e8b465ee728b)
Start importing Assets/SapphiArt/SapphiArtchan/Prefab/Main Camera.prefab using Guid(81aeab76db959cd478ea1cf4d6d8c68b) Importer(815301076,1909f56bfc062723c751e8b465ee728b)  -> (artifact id: 'aa3fe05a3372a0fd917ba5d12b8ed620') in 0.003513 seconds
  Import took 0.005324 seconds .

========================================================================
Received Import Request.
  Time since last request: 0.808476 seconds.
  path: Assets/SapphiArt/SapphiArtchan/Prefab/Directional light.prefab
  artifactKey: Guid(968f9ea4e87fb7944afb218edacb355f) Importer(815301076,1909f56bfc062723c751e8b465ee728b)
Start importing Assets/SapphiArt/SapphiArtchan/Prefab/Directional light.prefab using Guid(968f9ea4e87fb7944afb218edacb355f) Importer(815301076,1909f56bfc062723c751e8b465ee728b)  -> (artifact id: 'd344574a2d801d14fdadd3d9e94200be') in 0.007083 seconds
  Import took 0.008994 seconds .

========================================================================
Received Import Request.
  Time since last request: 0.002426 seconds.
  path: Assets/SapphiArt/SapphiArtchan/Prefab/Directional light.prefab
  artifactKey: Guid(968f9ea4e87fb7944afb218edacb355f) Importer(815301076,1909f56bfc062723c751e8b465ee728b)
Start importing Assets/SapphiArt/SapphiArtchan/Prefab/Directional light.prefab using Guid(968f9ea4e87fb7944afb218edacb355f) Importer(815301076,1909f56bfc062723c751e8b465ee728b)  -> (artifact id: 'd344574a2d801d14fdadd3d9e94200be') in 0.003309 seconds
  Import took 0.005689 seconds .

========================================================================
Received Import Request.
  Time since last request: 0.577633 seconds.
  path: Assets/SapphiArt/SapphiArtchan/Prefab/AnimationManagerUICanvas.prefab
  artifactKey: Guid(7c81d0e72eb724144b320e5ff8b2fc52) Importer(815301076,1909f56bfc062723c751e8b465ee728b)
Start importing Assets/SapphiArt/SapphiArtchan/Prefab/AnimationManagerUICanvas.prefab using Guid(7c81d0e72eb724144b320e5ff8b2fc52) Importer(815301076,1909f56bfc062723c751e8b465ee728b)  -> (artifact id: '2659b050ebcefe77b99b9cdd6d0b3ace') in 0.042852 seconds
  Import took 0.045715 seconds .

========================================================================
Received Import Request.
  Time since last request: 0.001155 seconds.
  path: Assets/SapphiArt/SapphiArtchan/Prefab/AnimationManagerUICanvas.prefab
  artifactKey: Guid(7c81d0e72eb724144b320e5ff8b2fc52) Importer(815301076,1909f56bfc062723c751e8b465ee728b)
Start importing Assets/SapphiArt/SapphiArtchan/Prefab/AnimationManagerUICanvas.prefab using Guid(7c81d0e72eb724144b320e5ff8b2fc52) Importer(815301076,1909f56bfc062723c751e8b465ee728b)  -> (artifact id: '2659b050ebcefe77b99b9cdd6d0b3ace') in 0.017825 seconds
  Import took 0.020958 seconds .

========================================================================
Received Import Request.
  Time since last request: 0.738464 seconds.
  path: Assets/SapphiArt/SapphiArtchan/Prefab/AnimationManagerUI.prefab
  artifactKey: Guid(e7ba692c0446f134e868129a1797122e) Importer(815301076,1909f56bfc062723c751e8b465ee728b)
Start importing Assets/SapphiArt/SapphiArtchan/Prefab/AnimationManagerUI.prefab using Guid(e7ba692c0446f134e868129a1797122e) Importer(815301076,1909f56bfc062723c751e8b465ee728b)  -> (artifact id: '68eff5e3141356fa37e765c4b99ecabb') in 0.007239 seconds
  Import took 0.009160 seconds .

========================================================================
Received Import Request.
  Time since last request: 0.000755 seconds.
  path: Assets/SapphiArt/SapphiArtchan/Prefab/AnimationManagerUI.prefab
  artifactKey: Guid(e7ba692c0446f134e868129a1797122e) Importer(815301076,1909f56bfc062723c751e8b465ee728b)
Start importing Assets/SapphiArt/SapphiArtchan/Prefab/AnimationManagerUI.prefab using Guid(e7ba692c0446f134e868129a1797122e) Importer(815301076,1909f56bfc062723c751e8b465ee728b)  -> (artifact id: '68eff5e3141356fa37e765c4b99ecabb') in 0.003622 seconds
  Import took 0.006037 seconds .

========================================================================
Received Import Request.
  Time since last request: 47.041004 seconds.
  path: Assets/SapphiArt/SapphiArtchan/Scenes/SapphiArtChan.unity
  artifactKey: Guid(3f0b425650a5c5440995d3e25fdaaf68) Importer(815301076,1909f56bfc062723c751e8b465ee728b)
Start importing Assets/SapphiArt/SapphiArtchan/Scenes/SapphiArtChan.unity using Guid(3f0b425650a5c5440995d3e25fdaaf68) Importer(815301076,1909f56bfc062723c751e8b465ee728b)  -> (artifact id: 'b42bc1f79df557b3dc647618fa0f588a') in 0.006843 seconds
  Import took 0.008725 seconds .

========================================================================
Received Import Request.
  Time since last request: 253.778467 seconds.
  path: Assets/Scripts/PlayerController.cs
  artifactKey: Guid(d3b26e4d55c9e374e963be27be508b0e) Importer(815301076,1909f56bfc062723c751e8b465ee728b)
Start importing Assets/Scripts/PlayerController.cs using Guid(d3b26e4d55c9e374e963be27be508b0e) Importer(815301076,1909f56bfc062723c751e8b465ee728b)  -> (artifact id: '7e9e1ebd03d89f7d00da5c969635a8a7') in 0.006406 seconds
  Import took 0.008652 seconds .

========================================================================
Received Import Request.
  Time since last request: 0.003842 seconds.
  path: Assets/Scripts/PlayerController.cs
  artifactKey: Guid(d3b26e4d55c9e374e963be27be508b0e) Importer(815301076,1909f56bfc062723c751e8b465ee728b)
Start importing Assets/Scripts/PlayerController.cs using Guid(d3b26e4d55c9e374e963be27be508b0e) Importer(815301076,1909f56bfc062723c751e8b465ee728b)  -> (artifact id: '7e9e1ebd03d89f7d00da5c969635a8a7') in 0.003134 seconds
  Import took 0.004917 seconds .

========================================================================
Received Prepare
Registering precompiled user dll's ...
Registered in 0.000664 seconds.
Begin MonoManager ReloadAssembly
Native extension for WindowsStandalone target not found
Refreshing native plugins compatible for Editor in 0.22 ms, found 0 plugins.
Preloading 0 native plugins for Editor in 0.00 ms.
Invoked RoslynAnalysisRunner static constructor.
RoslynAnalysisRunner will not be running.
RoslynAnalysisRunner has terminated.
Mono: successfully reloaded assembly
- Completed reload, in  0.679 seconds
Platform modules already initialized, skipping
Refreshing native plugins compatible for Editor in 0.19 ms, found 0 plugins.
Preloading 0 native plugins for Editor in 0.00 ms.
Unloading 1111 Unused Serialized files (Serialized files now loaded: 0)
System memory in use before: 74.8 MB.
System memory in use after: 74.9 MB.

Unloading 10 unused Assets to reduce memory usage. Loaded Objects now: 1673.
Total: 1.573300 ms (FindLiveObjects: 0.139800 ms CreateObjectMapping: 0.037400 ms MarkObjects: 1.334800 ms  DeleteObjects: 0.060500 ms)

========================================================================
Received Import Request.
  Time since last request: 140.144046 seconds.
  path: Assets/Scripts/PlayerController.cs
  artifactKey: Guid(d3b26e4d55c9e374e963be27be508b0e) Importer(815301076,1909f56bfc062723c751e8b465ee728b)
Start importing Assets/Scripts/PlayerController.cs using Guid(d3b26e4d55c9e374e963be27be508b0e) Importer(815301076,1909f56bfc062723c751e8b465ee728b)  -> (artifact id: '32381646a4e39898324397bb322dba63') in 0.005764 seconds
  Import took 0.009972 seconds .

========================================================================
Received Prepare
Registering precompiled user dll's ...
Registered in 0.000652 seconds.
Begin MonoManager ReloadAssembly
Native extension for WindowsStandalone target not found
Refreshing native plugins compatible for Editor in 0.21 ms, found 0 plugins.
Preloading 0 native plugins for Editor in 0.00 ms.
Invoked RoslynAnalysisRunner static constructor.
RoslynAnalysisRunner will not be running.
RoslynAnalysisRunner has terminated.
Mono: successfully reloaded assembly
- Completed reload, in  0.699 seconds
Platform modules already initialized, skipping
Refreshing native plugins compatible for Editor in 0.20 ms, found 0 plugins.
Preloading 0 native plugins for Editor in 0.00 ms.
Unloading 1111 Unused Serialized files (Serialized files now loaded: 0)
System memory in use before: 74.8 MB.
System memory in use after: 74.9 MB.

Unloading 5 unused Assets to reduce memory usage. Loaded Objects now: 1676.
Total: 1.523100 ms (FindLiveObjects: 0.130900 ms CreateObjectMapping: 0.038300 ms MarkObjects: 1.310200 ms  DeleteObjects: 0.042800 ms)

========================================================================
Received Prepare
Registering precompiled user dll's ...
Registered in 0.000651 seconds.
Begin MonoManager ReloadAssembly
Native extension for WindowsStandalone target not found
Refreshing native plugins compatible for Editor in 0.20 ms, found 0 plugins.
Preloading 0 native plugins for Editor in 0.00 ms.
Invoked RoslynAnalysisRunner static constructor.
RoslynAnalysisRunner will not be running.
RoslynAnalysisRunner has terminated.
Mono: successfully reloaded assembly
- Completed reload, in  0.709 seconds
Platform modules already initialized, skipping
Refreshing native plugins compatible for Editor in 0.20 ms, found 0 plugins.
Preloading 0 native plugins for Editor in 0.00 ms.
Unloading 1111 Unused Serialized files (Serialized files now loaded: 0)
System memory in use before: 74.8 MB.
System memory in use after: 74.9 MB.

Unloading 5 unused Assets to reduce memory usage. Loaded Objects now: 1679.
Total: 1.523900 ms (FindLiveObjects: 0.127600 ms CreateObjectMapping: 0.029900 ms MarkObjects: 1.322200 ms  DeleteObjects: 0.043300 ms)

========================================================================
Received Prepare
Registering precompiled user dll's ...
Registered in 0.000795 seconds.
Begin MonoManager ReloadAssembly
Native extension for WindowsStandalone target not found
Refreshing native plugins compatible for Editor in 0.23 ms, found 0 plugins.
Preloading 0 native plugins for Editor in 0.00 ms.
Invoked RoslynAnalysisRunner static constructor.
RoslynAnalysisRunner will not be running.
RoslynAnalysisRunner has terminated.
Mono: successfully reloaded assembly
- Completed reload, in  0.709 seconds
Platform modules already initialized, skipping
Refreshing native plugins compatible for Editor in 0.20 ms, found 0 plugins.
Preloading 0 native plugins for Editor in 0.00 ms.
Unloading 1111 Unused Serialized files (Serialized files now loaded: 0)
System memory in use before: 74.8 MB.
System memory in use after: 74.9 MB.

Unloading 5 unused Assets to reduce memory usage. Loaded Objects now: 1682.
Total: 1.540000 ms (FindLiveObjects: 0.139400 ms CreateObjectMapping: 0.036700 ms MarkObjects: 1.318800 ms  DeleteObjects: 0.044300 ms)

========================================================================
Received Prepare
Registering precompiled user dll's ...
Registered in 0.000663 seconds.
Begin MonoManager ReloadAssembly
Native extension for WindowsStandalone target not found
Refreshing native plugins compatible for Editor in 0.20 ms, found 0 plugins.
Preloading 0 native plugins for Editor in 0.00 ms.
Invoked RoslynAnalysisRunner static constructor.
RoslynAnalysisRunner will not be running.
RoslynAnalysisRunner has terminated.
Mono: successfully reloaded assembly
- Completed reload, in  0.681 seconds
Platform modules already initialized, skipping
Refreshing native plugins compatible for Editor in 0.21 ms, found 0 plugins.
Preloading 0 native plugins for Editor in 0.00 ms.
Unloading 1111 Unused Serialized files (Serialized files now loaded: 0)
System memory in use before: 74.8 MB.
System memory in use after: 74.9 MB.

Unloading 5 unused Assets to reduce memory usage. Loaded Objects now: 1685.
Total: 1.515700 ms (FindLiveObjects: 0.143000 ms CreateObjectMapping: 0.042400 ms MarkObjects: 1.287000 ms  DeleteObjects: 0.042500 ms)

========================================================================
Received Prepare
Registering precompiled user dll's ...
Registered in 0.000686 seconds.
Begin MonoManager ReloadAssembly
Native extension for WindowsStandalone target not found
Refreshing native plugins compatible for Editor in 0.23 ms, found 0 plugins.
Preloading 0 native plugins for Editor in 0.00 ms.
Invoked RoslynAnalysisRunner static constructor.
RoslynAnalysisRunner will not be running.
RoslynAnalysisRunner has terminated.
Mono: successfully reloaded assembly
- Completed reload, in  0.692 seconds
Platform modules already initialized, skipping
Refreshing native plugins compatible for Editor in 0.20 ms, found 0 plugins.
Preloading 0 native plugins for Editor in 0.00 ms.
Unloading 1111 Unused Serialized files (Serialized files now loaded: 0)
System memory in use before: 74.8 MB.
System memory in use after: 74.9 MB.

Unloading 5 unused Assets to reduce memory usage. Loaded Objects now: 1688.
Total: 1.564500 ms (FindLiveObjects: 0.191100 ms CreateObjectMapping: 0.039600 ms MarkObjects: 1.289100 ms  DeleteObjects: 0.043800 ms)

========================================================================
Received Prepare
Registering precompiled user dll's ...
Registered in 0.000614 seconds.
Begin MonoManager ReloadAssembly
Native extension for WindowsStandalone target not found
Refreshing native plugins compatible for Editor in 0.24 ms, found 0 plugins.
Preloading 0 native plugins for Editor in 0.00 ms.
Invoked RoslynAnalysisRunner static constructor.
RoslynAnalysisRunner will not be running.
RoslynAnalysisRunner has terminated.
Mono: successfully reloaded assembly
- Completed reload, in  0.683 seconds
Platform modules already initialized, skipping
Refreshing native plugins compatible for Editor in 0.20 ms, found 0 plugins.
Preloading 0 native plugins for Editor in 0.00 ms.
Unloading 1111 Unused Serialized files (Serialized files now loaded: 0)
System memory in use before: 74.8 MB.
System memory in use after: 74.9 MB.

Unloading 5 unused Assets to reduce memory usage. Loaded Objects now: 1691.
Total: 1.939500 ms (FindLiveObjects: 0.147700 ms CreateObjectMapping: 0.043500 ms MarkObjects: 1.661500 ms  DeleteObjects: 0.085500 ms)

========================================================================
Received Prepare
Registering precompiled user dll's ...
Registered in 0.000643 seconds.
Begin MonoManager ReloadAssembly
Native extension for WindowsStandalone target not found
Refreshing native plugins compatible for Editor in 0.20 ms, found 0 plugins.
Preloading 0 native plugins for Editor in 0.00 ms.
Invoked RoslynAnalysisRunner static constructor.
RoslynAnalysisRunner will not be running.
RoslynAnalysisRunner has terminated.
Mono: successfully reloaded assembly
- Completed reload, in  0.699 seconds
Platform modules already initialized, skipping
Refreshing native plugins compatible for Editor in 0.19 ms, found 0 plugins.
Preloading 0 native plugins for Editor in 0.00 ms.
Unloading 1111 Unused Serialized files (Serialized files now loaded: 0)
System memory in use before: 74.8 MB.
System memory in use after: 74.9 MB.

Unloading 5 unused Assets to reduce memory usage. Loaded Objects now: 1694.
Total: 1.711800 ms (FindLiveObjects: 0.145800 ms CreateObjectMapping: 0.036300 ms MarkObjects: 1.447500 ms  DeleteObjects: 0.081200 ms)

========================================================================
Received Prepare
Registering precompiled user dll's ...
Registered in 0.000885 seconds.
Begin MonoManager ReloadAssembly
Native extension for WindowsStandalone target not found
Refreshing native plugins compatible for Editor in 0.19 ms, found 0 plugins.
Preloading 0 native plugins for Editor in 0.00 ms.
Invoked RoslynAnalysisRunner static constructor.
RoslynAnalysisRunner will not be running.
RoslynAnalysisRunner has terminated.
Mono: successfully reloaded assembly
- Completed reload, in  0.774 seconds
Platform modules already initialized, skipping
Refreshing native plugins compatible for Editor in 0.20 ms, found 0 plugins.
Preloading 0 native plugins for Editor in 0.00 ms.
Unloading 1111 Unused Serialized files (Serialized files now loaded: 0)
System memory in use before: 74.8 MB.
System memory in use after: 74.9 MB.

Unloading 5 unused Assets to reduce memory usage. Loaded Objects now: 1697.
Total: 1.599000 ms (FindLiveObjects: 0.150100 ms CreateObjectMapping: 0.036500 ms MarkObjects: 1.364200 ms  DeleteObjects: 0.046700 ms)

========================================================================
Received Prepare
Registering precompiled user dll's ...
Registered in 0.000627 seconds.
Begin MonoManager ReloadAssembly
Native extension for WindowsStandalone target not found
Refreshing native plugins compatible for Editor in 0.21 ms, found 0 plugins.
Preloading 0 native plugins for Editor in 0.00 ms.
Invoked RoslynAnalysisRunner static constructor.
RoslynAnalysisRunner will not be running.
RoslynAnalysisRunner has terminated.
Mono: successfully reloaded assembly
- Completed reload, in  0.716 seconds
Platform modules already initialized, skipping
Refreshing native plugins compatible for Editor in 0.19 ms, found 0 plugins.
Preloading 0 native plugins for Editor in 0.00 ms.
Unloading 1111 Unused Serialized files (Serialized files now loaded: 0)
System memory in use before: 74.8 MB.
System memory in use after: 74.9 MB.

Unloading 5 unused Assets to reduce memory usage. Loaded Objects now: 1700.
Total: 1.523300 ms (FindLiveObjects: 0.135600 ms CreateObjectMapping: 0.031700 ms MarkObjects: 1.313200 ms  DeleteObjects: 0.041900 ms)

========================================================================
Received Prepare
Registering precompiled user dll's ...
Registered in 0.000627 seconds.
Begin MonoManager ReloadAssembly
Native extension for WindowsStandalone target not found
Refreshing native plugins compatible for Editor in 0.21 ms, found 0 plugins.
Preloading 0 native plugins for Editor in 0.00 ms.
Invoked RoslynAnalysisRunner static constructor.
RoslynAnalysisRunner will not be running.
RoslynAnalysisRunner has terminated.
Mono: successfully reloaded assembly
- Completed reload, in  0.690 seconds
Platform modules already initialized, skipping
Refreshing native plugins compatible for Editor in 0.19 ms, found 0 plugins.
Preloading 0 native plugins for Editor in 0.00 ms.
Unloading 1111 Unused Serialized files (Serialized files now loaded: 0)
System memory in use before: 74.8 MB.
System memory in use after: 74.9 MB.

Unloading 5 unused Assets to reduce memory usage. Loaded Objects now: 1703.
Total: 1.525100 ms (FindLiveObjects: 0.143500 ms CreateObjectMapping: 0.033800 ms MarkObjects: 1.297200 ms  DeleteObjects: 0.049600 ms)

========================================================================
Received Prepare
Registering precompiled user dll's ...
Registered in 0.000644 seconds.
Begin MonoManager ReloadAssembly
Native extension for WindowsStandalone target not found
Refreshing native plugins compatible for Editor in 0.21 ms, found 0 plugins.
Preloading 0 native plugins for Editor in 0.00 ms.
Invoked RoslynAnalysisRunner static constructor.
RoslynAnalysisRunner will not be running.
RoslynAnalysisRunner has terminated.
Mono: successfully reloaded assembly
- Completed reload, in  0.721 seconds
Platform modules already initialized, skipping
Refreshing native plugins compatible for Editor in 0.20 ms, found 0 plugins.
Preloading 0 native plugins for Editor in 0.00 ms.
Unloading 1111 Unused Serialized files (Serialized files now loaded: 0)
System memory in use before: 74.9 MB.
System memory in use after: 74.9 MB.

Unloading 5 unused Assets to reduce memory usage. Loaded Objects now: 1706.
Total: 1.822400 ms (FindLiveObjects: 0.140700 ms CreateObjectMapping: 0.036200 ms MarkObjects: 1.577400 ms  DeleteObjects: 0.066800 ms)

========================================================================
Received Prepare
Registering precompiled user dll's ...
Registered in 0.000665 seconds.
Begin MonoManager ReloadAssembly
Native extension for WindowsStandalone target not found
Refreshing native plugins compatible for Editor in 0.21 ms, found 0 plugins.
Preloading 0 native plugins for Editor in 0.00 ms.
Invoked RoslynAnalysisRunner static constructor.
RoslynAnalysisRunner will not be running.
RoslynAnalysisRunner has terminated.
Mono: successfully reloaded assembly
- Completed reload, in  0.695 seconds
Platform modules already initialized, skipping
Refreshing native plugins compatible for Editor in 0.20 ms, found 0 plugins.
Preloading 0 native plugins for Editor in 0.00 ms.
Unloading 1111 Unused Serialized files (Serialized files now loaded: 0)
System memory in use before: 74.9 MB.
System memory in use after: 74.9 MB.

Unloading 5 unused Assets to reduce memory usage. Loaded Objects now: 1709.
Total: 1.516600 ms (FindLiveObjects: 0.128900 ms CreateObjectMapping: 0.038800 ms MarkObjects: 1.303200 ms  DeleteObjects: 0.044400 ms)

========================================================================
Received Prepare
Registering precompiled user dll's ...
Registered in 0.000729 seconds.
Begin MonoManager ReloadAssembly
Native extension for WindowsStandalone target not found
Refreshing native plugins compatible for Editor in 0.20 ms, found 0 plugins.
Preloading 0 native plugins for Editor in 0.00 ms.
Invoked RoslynAnalysisRunner static constructor.
RoslynAnalysisRunner will not be running.
RoslynAnalysisRunner has terminated.
Mono: successfully reloaded assembly
- Completed reload, in  0.689 seconds
Platform modules already initialized, skipping
Refreshing native plugins compatible for Editor in 0.19 ms, found 0 plugins.
Preloading 0 native plugins for Editor in 0.00 ms.
Unloading 1111 Unused Serialized files (Serialized files now loaded: 0)
System memory in use before: 74.9 MB.
System memory in use after: 74.9 MB.

Unloading 5 unused Assets to reduce memory usage. Loaded Objects now: 1712.
Total: 1.582200 ms (FindLiveObjects: 0.141700 ms CreateObjectMapping: 0.041400 ms MarkObjects: 1.352600 ms  DeleteObjects: 0.045600 ms)

========================================================================
Received Prepare
Registering precompiled user dll's ...
Registered in 0.000696 seconds.
Begin MonoManager ReloadAssembly
Native extension for WindowsStandalone target not found
Refreshing native plugins compatible for Editor in 0.23 ms, found 0 plugins.
Preloading 0 native plugins for Editor in 0.00 ms.
Invoked RoslynAnalysisRunner static constructor.
RoslynAnalysisRunner will not be running.
RoslynAnalysisRunner has terminated.
Mono: successfully reloaded assembly
- Completed reload, in  0.773 seconds
Platform modules already initialized, skipping
Refreshing native plugins compatible for Editor in 0.20 ms, found 0 plugins.
Preloading 0 native plugins for Editor in 0.00 ms.
Unloading 1111 Unused Serialized files (Serialized files now loaded: 0)
System memory in use before: 74.9 MB.
System memory in use after: 74.9 MB.

Unloading 5 unused Assets to reduce memory usage. Loaded Objects now: 1715.
Total: 1.627200 ms (FindLiveObjects: 0.141900 ms CreateObjectMapping: 0.041200 ms MarkObjects: 1.397500 ms  DeleteObjects: 0.045600 ms)

========================================================================
Received Prepare
Registering precompiled user dll's ...
Registered in 0.000824 seconds.
Begin MonoManager ReloadAssembly
Native extension for WindowsStandalone target not found
Refreshing native plugins compatible for Editor in 0.20 ms, found 0 plugins.
Preloading 0 native plugins for Editor in 0.00 ms.
Invoked RoslynAnalysisRunner static constructor.
RoslynAnalysisRunner will not be running.
RoslynAnalysisRunner has terminated.
Mono: successfully reloaded assembly
- Completed reload, in  0.692 seconds
Platform modules already initialized, skipping
Refreshing native plugins compatible for Editor in 0.19 ms, found 0 plugins.
Preloading 0 native plugins for Editor in 0.00 ms.
Unloading 1111 Unused Serialized files (Serialized files now loaded: 0)
System memory in use before: 74.9 MB.
System memory in use after: 74.9 MB.

Unloading 5 unused Assets to reduce memory usage. Loaded Objects now: 1718.
Total: 1.530600 ms (FindLiveObjects: 0.127300 ms CreateObjectMapping: 0.032100 ms MarkObjects: 1.325800 ms  DeleteObjects: 0.044300 ms)

========================================================================
Received Prepare
Registering precompiled user dll's ...
Registered in 0.000744 seconds.
Begin MonoManager ReloadAssembly
Native extension for WindowsStandalone target not found
Refreshing native plugins compatible for Editor in 0.21 ms, found 0 plugins.
Preloading 0 native plugins for Editor in 0.00 ms.
Invoked RoslynAnalysisRunner static constructor.
RoslynAnalysisRunner will not be running.
RoslynAnalysisRunner has terminated.
Mono: successfully reloaded assembly
- Completed reload, in  0.690 seconds
Platform modules already initialized, skipping
Refreshing native plugins compatible for Editor in 0.20 ms, found 0 plugins.
Preloading 0 native plugins for Editor in 0.00 ms.
Unloading 1111 Unused Serialized files (Serialized files now loaded: 0)
System memory in use before: 74.9 MB.
System memory in use after: 75.0 MB.

Unloading 5 unused Assets to reduce memory usage. Loaded Objects now: 1721.
Total: 1.654400 ms (FindLiveObjects: 0.148300 ms CreateObjectMapping: 0.039000 ms MarkObjects: 1.421200 ms  DeleteObjects: 0.045000 ms)

========================================================================
Received Prepare
Registering precompiled user dll's ...
Registered in 0.000659 seconds.
Begin MonoManager ReloadAssembly
Native extension for WindowsStandalone target not found
Refreshing native plugins compatible for Editor in 0.21 ms, found 0 plugins.
Preloading 0 native plugins for Editor in 0.00 ms.
Invoked RoslynAnalysisRunner static constructor.
RoslynAnalysisRunner will not be running.
RoslynAnalysisRunner has terminated.
Mono: successfully reloaded assembly
- Completed reload, in  0.714 seconds
Platform modules already initialized, skipping
Refreshing native plugins compatible for Editor in 0.20 ms, found 0 plugins.
Preloading 0 native plugins for Editor in 0.00 ms.
Unloading 1111 Unused Serialized files (Serialized files now loaded: 0)
System memory in use before: 74.9 MB.
System memory in use after: 75.0 MB.

Unloading 5 unused Assets to reduce memory usage. Loaded Objects now: 1724.
Total: 3.922800 ms (FindLiveObjects: 0.211400 ms CreateObjectMapping: 0.305200 ms MarkObjects: 3.347900 ms  DeleteObjects: 0.057300 ms)

========================================================================
Received Prepare
Registering precompiled user dll's ...
Registered in 0.000652 seconds.
Begin MonoManager ReloadAssembly
Native extension for WindowsStandalone target not found
Refreshing native plugins compatible for Editor in 0.20 ms, found 0 plugins.
Preloading 0 native plugins for Editor in 0.00 ms.
Invoked RoslynAnalysisRunner static constructor.
RoslynAnalysisRunner will not be running.
RoslynAnalysisRunner has terminated.
Mono: successfully reloaded assembly
- Completed reload, in  0.714 seconds
Platform modules already initialized, skipping
Refreshing native plugins compatible for Editor in 0.20 ms, found 0 plugins.
Preloading 0 native plugins for Editor in 0.00 ms.
Unloading 1111 Unused Serialized files (Serialized files now loaded: 0)
System memory in use before: 74.9 MB.
System memory in use after: 75.0 MB.

Unloading 5 unused Assets to reduce memory usage. Loaded Objects now: 1727.
Total: 2.412600 ms (FindLiveObjects: 0.272200 ms CreateObjectMapping: 0.316300 ms MarkObjects: 1.768400 ms  DeleteObjects: 0.053700 ms)

========================================================================
Received Import Request.
  Time since last request: 1913.835688 seconds.
  path: Assets/Scripts/MainCamera.cs
  artifactKey: Guid(b51212b531d6c4e4692a7775de125203) Importer(815301076,1909f56bfc062723c751e8b465ee728b)
Start importing Assets/Scripts/MainCamera.cs using Guid(b51212b531d6c4e4692a7775de125203) Importer(815301076,1909f56bfc062723c751e8b465ee728b)  -> (artifact id: '12d79d5f68cb22d6240305625c569fb8') in 0.009294 seconds
  Import took 0.011302 seconds .

========================================================================
Received Import Request.
  Time since last request: 0.001108 seconds.
  path: Assets/Scripts/MainCamera.cs
  artifactKey: Guid(b51212b531d6c4e4692a7775de125203) Importer(815301076,1909f56bfc062723c751e8b465ee728b)
Start importing Assets/Scripts/MainCamera.cs using Guid(b51212b531d6c4e4692a7775de125203) Importer(815301076,1909f56bfc062723c751e8b465ee728b)  -> (artifact id: '12d79d5f68cb22d6240305625c569fb8') in 0.007050 seconds
  Import took 0.010417 seconds .

========================================================================
Received Prepare
Registering precompiled user dll's ...
Registered in 0.000600 seconds.
Begin MonoManager ReloadAssembly
Native extension for WindowsStandalone target not found
Refreshing native plugins compatible for Editor in 0.20 ms, found 0 plugins.
Preloading 0 native plugins for Editor in 0.00 ms.
Invoked RoslynAnalysisRunner static constructor.
RoslynAnalysisRunner will not be running.
RoslynAnalysisRunner has terminated.
Mono: successfully reloaded assembly
- Completed reload, in  0.691 seconds
Platform modules already initialized, skipping
Refreshing native plugins compatible for Editor in 0.20 ms, found 0 plugins.
Preloading 0 native plugins for Editor in 0.00 ms.
Unloading 1112 Unused Serialized files (Serialized files now loaded: 0)
System memory in use before: 74.9 MB.
System memory in use after: 75.0 MB.

Unloading 5 unused Assets to reduce memory usage. Loaded Objects now: 1731.
Total: 1.651900 ms (FindLiveObjects: 0.134200 ms CreateObjectMapping: 0.032000 ms MarkObjects: 1.441800 ms  DeleteObjects: 0.042900 ms)

========================================================================
Received Import Request.
  Time since last request: 47.444150 seconds.
  path: Assets/Scripts/MainCamera.cs
  artifactKey: Guid(b51212b531d6c4e4692a7775de125203) Importer(815301076,1909f56bfc062723c751e8b465ee728b)
Start importing Assets/Scripts/MainCamera.cs using Guid(b51212b531d6c4e4692a7775de125203) Importer(815301076,1909f56bfc062723c751e8b465ee728b)  -> (artifact id: '023e4d8501a688e2f0676ed57d5d7bdc') in 0.004370 seconds
  Import took 0.006439 seconds .

========================================================================
Received Prepare
Registering precompiled user dll's ...
Registered in 0.000893 seconds.
Begin MonoManager ReloadAssembly
Native extension for WindowsStandalone target not found
Refreshing native plugins compatible for Editor in 0.20 ms, found 0 plugins.
Preloading 0 native plugins for Editor in 0.00 ms.
Invoked RoslynAnalysisRunner static constructor.
RoslynAnalysisRunner will not be running.
RoslynAnalysisRunner has terminated.
Mono: successfully reloaded assembly
- Completed reload, in  0.699 seconds
Platform modules already initialized, skipping
Refreshing native plugins compatible for Editor in 0.27 ms, found 0 plugins.
Preloading 0 native plugins for Editor in 0.00 ms.
Unloading 1112 Unused Serialized files (Serialized files now loaded: 0)
System memory in use before: 74.9 MB.
System memory in use after: 75.0 MB.

Unloading 5 unused Assets to reduce memory usage. Loaded Objects now: 1734.
Total: 1.532800 ms (FindLiveObjects: 0.136400 ms CreateObjectMapping: 0.040400 ms MarkObjects: 1.311600 ms  DeleteObjects: 0.043600 ms)

========================================================================
Received Prepare
Registering precompiled user dll's ...
Registered in 0.000926 seconds.
Begin MonoManager ReloadAssembly
Native extension for WindowsStandalone target not found
Refreshing native plugins compatible for Editor in 0.20 ms, found 0 plugins.
Preloading 0 native plugins for Editor in 0.00 ms.
Invoked RoslynAnalysisRunner static constructor.
RoslynAnalysisRunner will not be running.
RoslynAnalysisRunner has terminated.
Mono: successfully reloaded assembly
- Completed reload, in  0.715 seconds
Platform modules already initialized, skipping
Refreshing native plugins compatible for Editor in 0.27 ms, found 0 plugins.
Preloading 0 native plugins for Editor in 0.00 ms.
Unloading 1112 Unused Serialized files (Serialized files now loaded: 0)
System memory in use before: 74.9 MB.
System memory in use after: 75.0 MB.

Unloading 5 unused Assets to reduce memory usage. Loaded Objects now: 1737.
Total: 2.334300 ms (FindLiveObjects: 0.441600 ms CreateObjectMapping: 0.126700 ms MarkObjects: 1.711400 ms  DeleteObjects: 0.053200 ms)

========================================================================
Received Prepare
Registering precompiled user dll's ...
Registered in 0.000729 seconds.
Begin MonoManager ReloadAssembly
Native extension for WindowsStandalone target not found
Refreshing native plugins compatible for Editor in 0.26 ms, found 0 plugins.
Preloading 0 native plugins for Editor in 0.00 ms.
Invoked RoslynAnalysisRunner static constructor.
RoslynAnalysisRunner will not be running.
RoslynAnalysisRunner has terminated.
Mono: successfully reloaded assembly
- Completed reload, in  0.759 seconds
Platform modules already initialized, skipping
Refreshing native plugins compatible for Editor in 0.20 ms, found 0 plugins.
Preloading 0 native plugins for Editor in 0.00 ms.
Unloading 1112 Unused Serialized files (Serialized files now loaded: 0)
System memory in use before: 74.9 MB.
System memory in use after: 75.0 MB.

Unloading 5 unused Assets to reduce memory usage. Loaded Objects now: 1740.
Total: 1.636100 ms (FindLiveObjects: 0.154000 ms CreateObjectMapping: 0.043000 ms MarkObjects: 1.389300 ms  DeleteObjects: 0.048700 ms)

========================================================================
Received Prepare
Registering precompiled user dll's ...
Registered in 0.000644 seconds.
Begin MonoManager ReloadAssembly
Native extension for WindowsStandalone target not found
Refreshing native plugins compatible for Editor in 0.23 ms, found 0 plugins.
Preloading 0 native plugins for Editor in 0.00 ms.
Invoked RoslynAnalysisRunner static constructor.
RoslynAnalysisRunner will not be running.
RoslynAnalysisRunner has terminated.
Mono: successfully reloaded assembly
- Completed reload, in  0.694 seconds
Platform modules already initialized, skipping
Refreshing native plugins compatible for Editor in 0.19 ms, found 0 plugins.
Preloading 0 native plugins for Editor in 0.00 ms.
Unloading 1112 Unused Serialized files (Serialized files now loaded: 0)
System memory in use before: 74.9 MB.
System memory in use after: 75.0 MB.

Unloading 5 unused Assets to reduce memory usage. Loaded Objects now: 1743.
Total: 1.634700 ms (FindLiveObjects: 0.162000 ms CreateObjectMapping: 0.038000 ms MarkObjects: 1.388000 ms  DeleteObjects: 0.045700 ms)

========================================================================
Received Prepare
Registering precompiled user dll's ...
Registered in 0.000794 seconds.
Begin MonoManager ReloadAssembly
Native extension for WindowsStandalone target not found
Refreshing native plugins compatible for Editor in 0.20 ms, found 0 plugins.
Preloading 0 native plugins for Editor in 0.00 ms.
Invoked RoslynAnalysisRunner static constructor.
RoslynAnalysisRunner will not be running.
RoslynAnalysisRunner has terminated.
Mono: successfully reloaded assembly
- Completed reload, in  0.690 seconds
Platform modules already initialized, skipping
Refreshing native plugins compatible for Editor in 0.20 ms, found 0 plugins.
Preloading 0 native plugins for Editor in 0.00 ms.
Unloading 1112 Unused Serialized files (Serialized files now loaded: 0)
System memory in use before: 74.9 MB.
System memory in use after: 75.0 MB.

Unloading 5 unused Assets to reduce memory usage. Loaded Objects now: 1746.
Total: 1.895900 ms (FindLiveObjects: 0.177200 ms CreateObjectMapping: 0.040200 ms MarkObjects: 1.629000 ms  DeleteObjects: 0.048500 ms)

========================================================================
Received Prepare
Registering precompiled user dll's ...
Registered in 0.000679 seconds.
Begin MonoManager ReloadAssembly
Native extension for WindowsStandalone target not found
Refreshing native plugins compatible for Editor in 0.21 ms, found 0 plugins.
Preloading 0 native plugins for Editor in 0.00 ms.
Invoked RoslynAnalysisRunner static constructor.
RoslynAnalysisRunner will not be running.
RoslynAnalysisRunner has terminated.
Mono: successfully reloaded assembly
- Completed reload, in  0.701 seconds
Platform modules already initialized, skipping
Refreshing native plugins compatible for Editor in 0.21 ms, found 0 plugins.
Preloading 0 native plugins for Editor in 0.00 ms.
Unloading 1112 Unused Serialized files (Serialized files now loaded: 0)
System memory in use before: 75.0 MB.
System memory in use after: 75.0 MB.

Unloading 5 unused Assets to reduce memory usage. Loaded Objects now: 1749.
Total: 1.725600 ms (FindLiveObjects: 0.154600 ms CreateObjectMapping: 0.037000 ms MarkObjects: 1.481700 ms  DeleteObjects: 0.050800 ms)

========================================================================
Received Prepare
Registering precompiled user dll's ...
Registered in 0.000944 seconds.
Begin MonoManager ReloadAssembly
Native extension for WindowsStandalone target not found
Refreshing native plugins compatible for Editor in 0.21 ms, found 0 plugins.
Preloading 0 native plugins for Editor in 0.00 ms.
Invoked RoslynAnalysisRunner static constructor.
RoslynAnalysisRunner will not be running.
RoslynAnalysisRunner has terminated.
Mono: successfully reloaded assembly
- Completed reload, in  0.796 seconds
Platform modules already initialized, skipping
Refreshing native plugins compatible for Editor in 0.21 ms, found 0 plugins.
Preloading 0 native plugins for Editor in 0.00 ms.
Unloading 1112 Unused Serialized files (Serialized files now loaded: 0)
System memory in use before: 75.0 MB.
System memory in use after: 75.0 MB.

Unloading 5 unused Assets to reduce memory usage. Loaded Objects now: 1752.
Total: 2.175500 ms (FindLiveObjects: 0.343400 ms CreateObjectMapping: 0.090700 ms MarkObjects: 1.687500 ms  DeleteObjects: 0.052300 ms)

========================================================================
Received Prepare
Registering precompiled user dll's ...
Registered in 0.000664 seconds.
Begin MonoManager ReloadAssembly
Native extension for WindowsStandalone target not found
Refreshing native plugins compatible for Editor in 0.20 ms, found 0 plugins.
Preloading 0 native plugins for Editor in 0.00 ms.
Invoked RoslynAnalysisRunner static constructor.
RoslynAnalysisRunner will not be running.
RoslynAnalysisRunner has terminated.
Mono: successfully reloaded assembly
- Completed reload, in  0.696 seconds
Platform modules already initialized, skipping
Refreshing native plugins compatible for Editor in 0.20 ms, found 0 plugins.
Preloading 0 native plugins for Editor in 0.00 ms.
Unloading 1112 Unused Serialized files (Serialized files now loaded: 0)
System memory in use before: 75.0 MB.
System memory in use after: 75.0 MB.

Unloading 5 unused Assets to reduce memory usage. Loaded Objects now: 1755.
Total: 1.583500 ms (FindLiveObjects: 0.155000 ms CreateObjectMapping: 0.034900 ms MarkObjects: 1.344700 ms  DeleteObjects: 0.048100 ms)

========================================================================
Received Prepare
Registering precompiled user dll's ...
Registered in 0.000653 seconds.
Begin MonoManager ReloadAssembly
Native extension for WindowsStandalone target not found
Refreshing native plugins compatible for Editor in 0.20 ms, found 0 plugins.
Preloading 0 native plugins for Editor in 0.00 ms.
Invoked RoslynAnalysisRunner static constructor.
RoslynAnalysisRunner will not be running.
RoslynAnalysisRunner has terminated.
Mono: successfully reloaded assembly
- Completed reload, in  0.689 seconds
Platform modules already initialized, skipping
Refreshing native plugins compatible for Editor in 0.21 ms, found 0 plugins.
Preloading 0 native plugins for Editor in 0.00 ms.
Unloading 1112 Unused Serialized files (Serialized files now loaded: 0)
System memory in use before: 75.0 MB.
System memory in use after: 75.0 MB.

Unloading 5 unused Assets to reduce memory usage. Loaded Objects now: 1758.
Total: 1.975200 ms (FindLiveObjects: 0.168800 ms CreateObjectMapping: 0.045700 ms MarkObjects: 1.706200 ms  DeleteObjects: 0.053000 ms)

========================================================================
Received Prepare
Registering precompiled user dll's ...
Registered in 0.000678 seconds.
Begin MonoManager ReloadAssembly
Native extension for WindowsStandalone target not found
Refreshing native plugins compatible for Editor in 0.20 ms, found 0 plugins.
Preloading 0 native plugins for Editor in 0.00 ms.
Invoked RoslynAnalysisRunner static constructor.
RoslynAnalysisRunner will not be running.
RoslynAnalysisRunner has terminated.
Mono: successfully reloaded assembly
- Completed reload, in  0.689 seconds
Platform modules already initialized, skipping
Refreshing native plugins compatible for Editor in 0.20 ms, found 0 plugins.
Preloading 0 native plugins for Editor in 0.00 ms.
Unloading 1112 Unused Serialized files (Serialized files now loaded: 0)
System memory in use before: 75.0 MB.
System memory in use after: 75.0 MB.

Unloading 5 unused Assets to reduce memory usage. Loaded Objects now: 1761.
Total: 1.562100 ms (FindLiveObjects: 0.160400 ms CreateObjectMapping: 0.038000 ms MarkObjects: 1.318700 ms  DeleteObjects: 0.044200 ms)

========================================================================
Received Prepare
Registering precompiled user dll's ...
Registered in 0.000648 seconds.
Begin MonoManager ReloadAssembly
Native extension for WindowsStandalone target not found
Refreshing native plugins compatible for Editor in 0.20 ms, found 0 plugins.
Preloading 0 native plugins for Editor in 0.00 ms.
Invoked RoslynAnalysisRunner static constructor.
RoslynAnalysisRunner will not be running.
RoslynAnalysisRunner has terminated.
Mono: successfully reloaded assembly
- Completed reload, in  0.717 seconds
Platform modules already initialized, skipping
Refreshing native plugins compatible for Editor in 0.21 ms, found 0 plugins.
Preloading 0 native plugins for Editor in 0.00 ms.
Unloading 1112 Unused Serialized files (Serialized files now loaded: 0)
System memory in use before: 75.0 MB.
System memory in use after: 75.1 MB.

Unloading 5 unused Assets to reduce memory usage. Loaded Objects now: 1764.
Total: 1.963800 ms (FindLiveObjects: 0.186900 ms CreateObjectMapping: 0.046000 ms MarkObjects: 1.678500 ms  DeleteObjects: 0.050900 ms)

AssetImportWorkerClient::OnTransportError - code=2 error=End of file
